[0.023s] Invoking command in '/home/swo/turtlebot-mpc/build/mpc-tracker': CMAKE_PREFIX_PATH=${CMAKE_PREFIX_PATH}:/opt/ros/jazzy /usr/bin/cmake --build /home/swo/turtlebot-mpc/build/mpc-tracker -- -j16 -l16
[0.108s] -- Found ament_cmake: 2.5.4 (/opt/ros/jazzy/share/ament_cmake/cmake)
[0.361s] -- Found rclcpp: 28.1.13 (/opt/ros/jazzy/share/rclcpp/cmake)
[0.701s] -- Found rosidl_generator_c: 4.6.6 (/opt/ros/jazzy/share/rosidl_generator_c/cmake)
[0.715s] -- Found rosidl_generator_cpp: 4.6.6 (/opt/ros/jazzy/share/rosidl_generator_cpp/cmake)
[0.738s] -- Using all available rosidl_typesupport_c: rosidl_typesupport_fastrtps_c;rosidl_typesupport_introspection_c
[0.760s] -- Using all available rosidl_typesupport_cpp: rosidl_typesupport_fastrtps_cpp;rosidl_typesupport_introspection_cpp
[0.861s] -- Found rmw_implementation_cmake: 7.3.2 (/opt/ros/jazzy/share/rmw_implementation_cmake/cmake)
[0.864s] -- Found rmw_fastrtps_cpp: 8.4.3 (/opt/ros/jazzy/share/rmw_fastrtps_cpp/cmake)
[1.363s] -- Using RMW implementation 'rmw_fastrtps_cpp' as default
[1.777s] -- Found nav_msgs: 5.3.6 (/opt/ros/jazzy/share/nav_msgs/cmake)
[1.869s] -- Found eigen3_cmake_module: 0.3.0 (/opt/ros/jazzy/share/eigen3_cmake_module/cmake)
[1.877s] -- Found Eigen3: TRUE (found version "3.4.0") 
[1.880s] -- Found ament_lint_auto: 0.17.3 (/opt/ros/jazzy/share/ament_lint_auto/cmake)
[1.990s] -- Added test 'cppcheck' to perform static code analysis on C / C++ code
[1.990s] -- Configured cppcheck include dirs: 
[1.990s] -- Configured cppcheck exclude dirs and/or files: 
[1.990s] -- Added test 'lint_cmake' to check CMake code style
[1.992s] -- Added test 'uncrustify' to check C / C++ code style
[1.992s] -- Configured uncrustify additional arguments: 
[1.993s] -- Added test 'xmllint' to check XML markup files
[1.995s] -- Configuring done (1.9s)
[2.015s] -- Generating done (0.0s)
[2.020s] -- Build files have been written to: /home/swo/turtlebot-mpc/build/mpc-tracker
[2.097s] [ 50%] [32mBuilding CXX object CMakeFiles/controller.dir/src/controller.cpp.o[0m
[2.399s] [01m[K/home/swo/turtlebot-mpc/src/mpc-tracker/src/controller.cpp:7:10:[m[K [01;31m[Kfatal error: [m[KEigen/Dense: No such file or directory
[2.399s]     7 | #include [01;31m[K<Eigen/Dense>[m[K
[2.400s]       |          [01;31m[K^~~~~~~~~~~~~[m[K
[2.400s] compilation terminated.
[2.402s] gmake[2]: *** [CMakeFiles/controller.dir/build.make:76: CMakeFiles/controller.dir/src/controller.cpp.o] Error 1
[2.402s] gmake[1]: *** [CMakeFiles/Makefile2:137: CMakeFiles/controller.dir/all] Error 2
[2.403s] gmake: *** [Makefile:146: all] Error 2
[2.406s] Invoked command in '/home/swo/turtlebot-mpc/build/mpc-tracker' returned '2': CMAKE_PREFIX_PATH=${CMAKE_PREFIX_PATH}:/opt/ros/jazzy /usr/bin/cmake --build /home/swo/turtlebot-mpc/build/mpc-tracker -- -j16 -l16
