[0.018s] Invoking command in '/home/swo/turtlebot-mpc/build/mpc-tracker': CMAKE_PREFIX_PATH=${CMAKE_PREFIX_PATH}:/opt/ros/jazzy /usr/bin/cmake /home/swo/turtlebot-mpc/src/mpc-tracker -DCMAKE_INSTALL_PREFIX=/home/swo/turtlebot-mpc/install/mpc-tracker
[0.461s] -- The C compiler identification is GNU 13.3.0
[1.698s] -- The CXX compiler identification is GNU 13.3.0
[2.838s] -- Detecting C compiler ABI info
[3.267s] -- Detecting C compiler ABI info - done
[3.274s] -- Check for working C compiler: /usr/bin/cc - skipped
[3.278s] -- Detecting C compile features
[3.279s] -- Detecting C compile features - done
[3.448s] -- Detecting CXX compiler ABI info
[3.861s] -- Detecting CXX compiler ABI info - done
[3.870s] -- Check for working CXX compiler: /usr/bin/c++ - skipped
[3.870s] -- Detecting CXX compile features
[3.871s] -- Detecting CXX compile features - done
[3.901s] -- Found ament_cmake: 2.5.4 (/opt/ros/jazzy/share/ament_cmake/cmake)
[4.037s] -- Found Python3: /usr/bin/python3 (found version "3.12.3") found components: Interpreter 
[4.193s] -- Found ament_lint_auto: 0.17.3 (/opt/ros/jazzy/share/ament_lint_auto/cmake)
[4.295s] -- Added test 'lint_cmake' to check CMake code style
[4.296s] -- Added test 'xmllint' to check XML markup files
[4.299s] -- Configuring done (4.2s)
[4.305s] -- Generating done (0.0s)
[4.308s] -- Build files have been written to: /home/swo/turtlebot-mpc/build/mpc-tracker
[4.314s] Invoked command in '/home/swo/turtlebot-mpc/build/mpc-tracker' returned '0': CMAKE_PREFIX_PATH=${CMAKE_PREFIX_PATH}:/opt/ros/jazzy /usr/bin/cmake /home/swo/turtlebot-mpc/src/mpc-tracker -DCMAKE_INSTALL_PREFIX=/home/swo/turtlebot-mpc/install/mpc-tracker
[4.315s] Invoking command in '/home/swo/turtlebot-mpc/build/mpc-tracker': CMAKE_PREFIX_PATH=${CMAKE_PREFIX_PATH}:/opt/ros/jazzy /usr/bin/cmake --build /home/swo/turtlebot-mpc/build/mpc-tracker -- -j16 -l16
[4.352s] Invoked command in '/home/swo/turtlebot-mpc/build/mpc-tracker' returned '0': CMAKE_PREFIX_PATH=${CMAKE_PREFIX_PATH}:/opt/ros/jazzy /usr/bin/cmake --build /home/swo/turtlebot-mpc/build/mpc-tracker -- -j16 -l16
[4.361s] Invoking command in '/home/swo/turtlebot-mpc/build/mpc-tracker': CMAKE_PREFIX_PATH=${CMAKE_PREFIX_PATH}:/opt/ros/jazzy /usr/bin/cmake --install /home/swo/turtlebot-mpc/build/mpc-tracker
[4.368s] -- Install configuration: ""
[4.369s] -- Installing: /home/swo/turtlebot-mpc/install/mpc-tracker/share/ament_index/resource_index/package_run_dependencies/mpc-tracker
[4.369s] -- Installing: /home/swo/turtlebot-mpc/install/mpc-tracker/share/ament_index/resource_index/parent_prefix_path/mpc-tracker
[4.370s] -- Installing: /home/swo/turtlebot-mpc/install/mpc-tracker/share/mpc-tracker/environment/ament_prefix_path.sh
[4.370s] -- Installing: /home/swo/turtlebot-mpc/install/mpc-tracker/share/mpc-tracker/environment/ament_prefix_path.dsv
[4.371s] -- Installing: /home/swo/turtlebot-mpc/install/mpc-tracker/share/mpc-tracker/environment/path.sh
[4.371s] -- Installing: /home/swo/turtlebot-mpc/install/mpc-tracker/share/mpc-tracker/environment/path.dsv
[4.371s] -- Installing: /home/swo/turtlebot-mpc/install/mpc-tracker/share/mpc-tracker/local_setup.bash
[4.371s] -- Installing: /home/swo/turtlebot-mpc/install/mpc-tracker/share/mpc-tracker/local_setup.sh
[4.371s] -- Installing: /home/swo/turtlebot-mpc/install/mpc-tracker/share/mpc-tracker/local_setup.zsh
[4.372s] -- Installing: /home/swo/turtlebot-mpc/install/mpc-tracker/share/mpc-tracker/local_setup.dsv
[4.372s] -- Installing: /home/swo/turtlebot-mpc/install/mpc-tracker/share/mpc-tracker/package.dsv
[4.372s] -- Installing: /home/swo/turtlebot-mpc/install/mpc-tracker/share/ament_index/resource_index/packages/mpc-tracker
[4.372s] -- Installing: /home/swo/turtlebot-mpc/install/mpc-tracker/share/mpc-tracker/cmake/mpc-trackerConfig.cmake
[4.372s] -- Installing: /home/swo/turtlebot-mpc/install/mpc-tracker/share/mpc-tracker/cmake/mpc-trackerConfig-version.cmake
[4.373s] -- Installing: /home/swo/turtlebot-mpc/install/mpc-tracker/share/mpc-tracker/package.xml
[4.375s] Invoked command in '/home/swo/turtlebot-mpc/build/mpc-tracker' returned '0': CMAKE_PREFIX_PATH=${CMAKE_PREFIX_PATH}:/opt/ros/jazzy /usr/bin/cmake --install /home/swo/turtlebot-mpc/build/mpc-tracker
