[ 50%] [32mBuilding CXX object CMakeFiles/controller.dir/src/controller.cpp.o[0m
[01m[K/home/swo/turtlebot-mpc/src/mpc-tracker/src/controller.cpp:[m[K In function ‘[01m[Kdouble[01;32m[K calc_placeholder[m[K()[m[K’:
[01m[K/home/swo/turtlebot-mpc/src/mpc-tracker/src/controller.cpp:27:10:[m[K [01;35m[Kwarning: [m[K‘[01m[Kr[m[K’ is used uninitialized [[01;35m[K]8;;https://gcc.gnu.org/onlinedocs/gcc/Warning-Options.html#index-Wuninitialized-Wuninitialized]8;;[m[K]
   27 |   return [01;35m[Kr[m[K;
      |          [01;35m[K^[m[K
[01m[K/home/swo/turtlebot-mpc/src/mpc-tracker/src/controller.cpp:26:10:[m[K [01;36m[Knote: [m[K‘[01m[Kr[m[K’ was declared here
   26 |   double [01;36m[Kr[m[K;
      |          [01;36m[K^[m[K
[100%] [32m[1mLinking CXX executable controller[0m
[100%] Built target controller
-- Install configuration: ""
-- Installing: /home/swo/turtlebot-mpc/install/mpc-tracker/lib/mpc-tracker/controller
-- Set non-toolchain portion of runtime path of "/home/swo/turtlebot-mpc/install/mpc-tracker/lib/mpc-tracker/controller" to ""
-- Up-to-date: /home/swo/turtlebot-mpc/install/mpc-tracker/share/ament_index/resource_index/package_run_dependencies/mpc-tracker
-- Up-to-date: /home/swo/turtlebot-mpc/install/mpc-tracker/share/ament_index/resource_index/parent_prefix_path/mpc-tracker
-- Up-to-date: /home/swo/turtlebot-mpc/install/mpc-tracker/share/mpc-tracker/environment/ament_prefix_path.sh
-- Up-to-date: /home/swo/turtlebot-mpc/install/mpc-tracker/share/mpc-tracker/environment/ament_prefix_path.dsv
-- Up-to-date: /home/swo/turtlebot-mpc/install/mpc-tracker/share/mpc-tracker/environment/path.sh
-- Up-to-date: /home/swo/turtlebot-mpc/install/mpc-tracker/share/mpc-tracker/environment/path.dsv
-- Up-to-date: /home/swo/turtlebot-mpc/install/mpc-tracker/share/mpc-tracker/local_setup.bash
-- Up-to-date: /home/swo/turtlebot-mpc/install/mpc-tracker/share/mpc-tracker/local_setup.sh
-- Up-to-date: /home/swo/turtlebot-mpc/install/mpc-tracker/share/mpc-tracker/local_setup.zsh
-- Up-to-date: /home/swo/turtlebot-mpc/install/mpc-tracker/share/mpc-tracker/local_setup.dsv
-- Installing: /home/swo/turtlebot-mpc/install/mpc-tracker/share/mpc-tracker/package.dsv
-- Up-to-date: /home/swo/turtlebot-mpc/install/mpc-tracker/share/ament_index/resource_index/packages/mpc-tracker
-- Up-to-date: /home/swo/turtlebot-mpc/install/mpc-tracker/share/mpc-tracker/cmake/mpc-trackerConfig.cmake
-- Up-to-date: /home/swo/turtlebot-mpc/install/mpc-tracker/share/mpc-tracker/cmake/mpc-trackerConfig-version.cmake
-- Up-to-date: /home/swo/turtlebot-mpc/install/mpc-tracker/share/mpc-tracker/package.xml
