[0.013s] Invoking command in '/home/swo/turtlebot-mpc/build/mpc-tracker': CMAKE_PREFIX_PATH=${CMAKE_PREFIX_PATH}:/opt/ros/jazzy /usr/bin/cmake --build /home/swo/turtlebot-mpc/build/mpc-tracker -- -j16 -l16
[0.070s] [ 50%] [32mBuilding CXX object CMakeFiles/controller.dir/src/controller.cpp.o[0m
[4.878s] [01m[K/home/swo/turtlebot-mpc/src/mpc-tracker/src/controller.cpp:[m[K In function ‘[01m[Kdouble[01;32m[K calc_placeholder[m[K()[m[K’:
[4.878s] [01m[K/home/swo/turtlebot-mpc/src/mpc-tracker/src/controller.cpp:27:10:[m[K [01;35m[Kwarning: [m[K‘[01m[Kr[m[K’ is used uninitialized [[01;35m[K]8;;https://gcc.gnu.org/onlinedocs/gcc/Warning-Options.html#index-Wuninitialized-Wuninitialized]8;;[m[K]
[4.878s]    27 |   return [01;35m[Kr[m[K;
[4.878s]       |          [01;35m[K^[m[K
[4.878s] [01m[K/home/swo/turtlebot-mpc/src/mpc-tracker/src/controller.cpp:26:10:[m[K [01;36m[Knote: [m[K‘[01m[Kr[m[K’ was declared here
[4.878s]    26 |   double [01;36m[Kr[m[K;
[4.878s]       |          [01;36m[K^[m[K
[8.166s] [100%] [32m[1mLinking CXX executable controller[0m
[8.711s] [100%] Built target controller
[8.724s] Invoked command in '/home/swo/turtlebot-mpc/build/mpc-tracker' returned '0': CMAKE_PREFIX_PATH=${CMAKE_PREFIX_PATH}:/opt/ros/jazzy /usr/bin/cmake --build /home/swo/turtlebot-mpc/build/mpc-tracker -- -j16 -l16
[8.735s] Invoking command in '/home/swo/turtlebot-mpc/build/mpc-tracker': CMAKE_PREFIX_PATH=${CMAKE_PREFIX_PATH}:/opt/ros/jazzy /usr/bin/cmake --install /home/swo/turtlebot-mpc/build/mpc-tracker
[8.744s] -- Install configuration: ""
[8.746s] -- Installing: /home/swo/turtlebot-mpc/install/mpc-tracker/lib/mpc-tracker/controller
[8.751s] -- Set non-toolchain portion of runtime path of "/home/swo/turtlebot-mpc/install/mpc-tracker/lib/mpc-tracker/controller" to ""
[8.751s] -- Up-to-date: /home/swo/turtlebot-mpc/install/mpc-tracker/share/ament_index/resource_index/package_run_dependencies/mpc-tracker
[8.752s] -- Up-to-date: /home/swo/turtlebot-mpc/install/mpc-tracker/share/ament_index/resource_index/parent_prefix_path/mpc-tracker
[8.752s] -- Up-to-date: /home/swo/turtlebot-mpc/install/mpc-tracker/share/mpc-tracker/environment/ament_prefix_path.sh
[8.752s] -- Up-to-date: /home/swo/turtlebot-mpc/install/mpc-tracker/share/mpc-tracker/environment/ament_prefix_path.dsv
[8.752s] -- Up-to-date: /home/swo/turtlebot-mpc/install/mpc-tracker/share/mpc-tracker/environment/path.sh
[8.752s] -- Up-to-date: /home/swo/turtlebot-mpc/install/mpc-tracker/share/mpc-tracker/environment/path.dsv
[8.752s] -- Up-to-date: /home/swo/turtlebot-mpc/install/mpc-tracker/share/mpc-tracker/local_setup.bash
[8.752s] -- Up-to-date: /home/swo/turtlebot-mpc/install/mpc-tracker/share/mpc-tracker/local_setup.sh
[8.753s] -- Up-to-date: /home/swo/turtlebot-mpc/install/mpc-tracker/share/mpc-tracker/local_setup.zsh
[8.753s] -- Up-to-date: /home/swo/turtlebot-mpc/install/mpc-tracker/share/mpc-tracker/local_setup.dsv
[8.753s] -- Installing: /home/swo/turtlebot-mpc/install/mpc-tracker/share/mpc-tracker/package.dsv
[8.753s] -- Up-to-date: /home/swo/turtlebot-mpc/install/mpc-tracker/share/ament_index/resource_index/packages/mpc-tracker
[8.753s] -- Up-to-date: /home/swo/turtlebot-mpc/install/mpc-tracker/share/mpc-tracker/cmake/mpc-trackerConfig.cmake
[8.753s] -- Up-to-date: /home/swo/turtlebot-mpc/install/mpc-tracker/share/mpc-tracker/cmake/mpc-trackerConfig-version.cmake
[8.753s] -- Up-to-date: /home/swo/turtlebot-mpc/install/mpc-tracker/share/mpc-tracker/package.xml
[8.755s] Invoked command in '/home/swo/turtlebot-mpc/build/mpc-tracker' returned '0': CMAKE_PREFIX_PATH=${CMAKE_PREFIX_PATH}:/opt/ros/jazzy /usr/bin/cmake --install /home/swo/turtlebot-mpc/build/mpc-tracker
