[0.018s] Invoking command in '/home/swo/turtlebot-mpc/build/mpc-tracker': CMAKE_PREFIX_PATH=${CMAKE_PREFIX_PATH}:/opt/ros/jazzy /usr/bin/cmake /home/swo/turtlebot-mpc/src/mpc-tracker -DCMAKE_INSTALL_PREFIX=/home/swo/turtlebot-mpc/install/mpc-tracker
[0.336s] -- The C compiler identification is GNU 13.3.0
[1.506s] -- The CXX compiler identification is GNU 13.3.0
[2.766s] -- Detecting C compiler ABI info
[3.214s] -- Detecting C compiler ABI info - done
[3.226s] -- Check for working C compiler: /usr/bin/cc - skipped
[3.226s] -- Detecting C compile features
[3.227s] -- Detecting C compile features - done
[3.407s] -- Detecting CXX compiler ABI info
[3.835s] -- Detecting CXX compiler ABI info - done
[3.843s] -- Check for working CXX compiler: /usr/bin/c++ - skipped
[3.844s] -- Detecting CXX compile features
[3.844s] -- Detecting CXX compile features - done
[3.857s] -- Found ament_cmake: 2.5.4 (/opt/ros/jazzy/share/ament_cmake/cmake)
[3.998s] -- Found Python3: /usr/bin/python3 (found version "3.12.3") found components: Interpreter 
[4.126s] -- Found rclcpp: 28.1.13 (/opt/ros/jazzy/share/rclcpp/cmake)
[4.470s] -- Found rosidl_generator_c: 4.6.6 (/opt/ros/jazzy/share/rosidl_generator_c/cmake)
[4.488s] -- Found rosidl_generator_cpp: 4.6.6 (/opt/ros/jazzy/share/rosidl_generator_cpp/cmake)
[4.513s] -- Using all available rosidl_typesupport_c: rosidl_typesupport_fastrtps_c;rosidl_typesupport_introspection_c
[4.539s] -- Using all available rosidl_typesupport_cpp: rosidl_typesupport_fastrtps_cpp;rosidl_typesupport_introspection_cpp
[4.645s] -- Found rmw_implementation_cmake: 7.3.2 (/opt/ros/jazzy/share/rmw_implementation_cmake/cmake)
[4.649s] -- Found rmw_fastrtps_cpp: 8.4.3 (/opt/ros/jazzy/share/rmw_fastrtps_cpp/cmake)
[4.747s] -- Found OpenSSL: /usr/lib/x86_64-linux-gnu/libcrypto.so (found version "3.0.13")  
[5.070s] -- Found FastRTPS: /opt/ros/jazzy/include (Required is at least version "2.13") 
[5.253s] -- Using RMW implementation 'rmw_fastrtps_cpp' as default
[5.598s] -- Found nav_msgs: 5.3.6 (/opt/ros/jazzy/share/nav_msgs/cmake)
[5.683s] -- Found eigen3_cmake_module: 0.3.0 (/opt/ros/jazzy/share/eigen3_cmake_module/cmake)
[5.689s] -- Found Eigen3: TRUE (found version "3.4.0") 
[5.693s] -- Found ament_lint_auto: 0.17.3 (/opt/ros/jazzy/share/ament_lint_auto/cmake)
[5.803s] -- Added test 'cppcheck' to perform static code analysis on C / C++ code
[5.803s] -- Configured cppcheck include dirs: 
[5.803s] -- Configured cppcheck exclude dirs and/or files: 
[5.804s] -- Added test 'lint_cmake' to check CMake code style
[5.806s] -- Added test 'uncrustify' to check C / C++ code style
[5.806s] -- Configured uncrustify additional arguments: 
[5.807s] -- Added test 'xmllint' to check XML markup files
[5.809s] -- Configuring done (5.8s)
[5.820s] -- Generating done (0.0s)
[5.824s] -- Build files have been written to: /home/swo/turtlebot-mpc/build/mpc-tracker
[5.834s] Invoked command in '/home/swo/turtlebot-mpc/build/mpc-tracker' returned '0': CMAKE_PREFIX_PATH=${CMAKE_PREFIX_PATH}:/opt/ros/jazzy /usr/bin/cmake /home/swo/turtlebot-mpc/src/mpc-tracker -DCMAKE_INSTALL_PREFIX=/home/swo/turtlebot-mpc/install/mpc-tracker
[5.836s] Invoking command in '/home/swo/turtlebot-mpc/build/mpc-tracker': CMAKE_PREFIX_PATH=${CMAKE_PREFIX_PATH}:/opt/ros/jazzy /usr/bin/cmake --build /home/swo/turtlebot-mpc/build/mpc-tracker -- -j16 -l16
[5.880s] [ 50%] [32mBuilding CXX object CMakeFiles/controller.dir/src/controller.cpp.o[0m
[9.023s] [01m[K/home/swo/turtlebot-mpc/src/mpc-tracker/src/controller.cpp:[m[K In constructor ‘[01m[KMPCNode::[01;32m[KMPCNode[m[K()[m[K’:
[9.023s] [01m[K/home/swo/turtlebot-mpc/src/mpc-tracker/src/controller.cpp:187:78:[m[K [01;31m[Kerror: [m[Kno matching function for call to ‘[01m[Kstd::chrono::duration<long int, std::ratio<1, 1000> >::duration(double)[m[K’
[9.023s]   187 |     timer_ = this->create_wall_timer(std::chrono::milliseconds(delta_t * 1000[01;31m[K)[m[K, [this]() {
[9.024s]       |                                                                              [01;31m[K^[m[K
[9.024s] In file included from [01m[K/usr/include/c++/13/chrono:41[m[K,
[9.024s]                  from [01m[K/home/swo/turtlebot-mpc/src/mpc-tracker/src/controller.cpp:1[m[K:
[9.024s] [01m[K/usr/include/c++/13/bits/chrono.h:581:21:[m[K [01;36m[Knote: [m[Kcandidate: ‘[01m[Ktemplate<class _Rep2, class _Period2, class> constexpr std::chrono::duration<_Rep, _Period>::[01;32m[Kduration[m[K(const std::chrono::duration<_Rep, _Period>&) [35m[K[with _Period2 = _Rep2; <template-parameter-2-3> = _Period2; _Rep = long int; _Period = std::ratio<1, 1000>][m[K[m[K’
[9.024s]   581 |           constexpr [01;36m[Kduration[m[K(const duration<_Rep2, _Period2>& __d)
[9.024s]       |                     [01;36m[K^~~~~~~~[m[K
[9.024s] [01m[K/usr/include/c++/13/bits/chrono.h:581:21:[m[K [01;36m[Knote: [m[K  template argument deduction/substitution failed:
[9.024s] [01m[K/home/swo/turtlebot-mpc/src/mpc-tracker/src/controller.cpp:187:78:[m[K [01;36m[Knote: [m[K  mismatched types ‘[01m[Kconst std::chrono::duration<_Rep1, _Period1>[m[K’ and ‘[01m[Kdouble[m[K’
[9.025s]   187 |     timer_ = this->create_wall_timer(std::chrono::milliseconds(delta_t * 1000[01;36m[K)[m[K, [this]() {
[9.025s]       |                                                                              [01;36m[K^[m[K
[9.025s] [01m[K/usr/include/c++/13/bits/chrono.h:573:30:[m[K [01;36m[Knote: [m[Kcandidate: ‘[01m[Ktemplate<class _Rep2, class> constexpr std::chrono::duration<_Rep, _Period>::[01;32m[Kduration[m[K(const _Rep2&) [35m[K[with <template-parameter-2-2> = _Rep2; _Rep = long int; _Period = std::ratio<1, 1000>][m[K[m[K’
[9.025s]   573 |           constexpr explicit [01;36m[Kduration[m[K(const _Rep2& __rep)
[9.025s]       |                              [01;36m[K^~~~~~~~[m[K
[9.025s] [01m[K/usr/include/c++/13/bits/chrono.h:573:30:[m[K [01;36m[Knote: [m[K  template argument deduction/substitution failed:
[9.025s] In file included from [01m[K/usr/include/c++/13/ratio:39[m[K,
[9.025s]                  from [01m[K/usr/include/c++/13/bits/chrono.h:37[m[K:
[9.026s] /usr/include/c++/13/type_traits: In substitution of ‘[01m[Ktemplate<bool _Cond, class _Tp> using std::__enable_if_t = typename std::enable_if::type [35m[K[with bool _Cond = false; _Tp = void][m[K[m[K’:
[9.026s] [01m[K/usr/include/c++/13/type_traits:2224:11:[m[K   required by substitution of ‘[01m[Ktemplate<class ... _Cond> using std::_Require = std::__enable_if_t<std::__and_<_Bn>::value> [35m[K[with _Cond = {std::is_convertible<const double&, long int>, std::__or_<std::chrono::treat_as_floating_point<long int>, std::__not_<std::chrono::treat_as_floating_point<double> > >}][m[K[m[K’
[9.026s] [01m[K/usr/include/c++/13/bits/chrono.h:570:27:[m[K   required from here
[9.026s] [01m[K/usr/include/c++/13/type_traits:116:11:[m[K [01;31m[Kerror: [m[Kno type named ‘[01m[Ktype[m[K’ in ‘[01m[Kstruct std::enable_if<false, void>[m[K’
[9.026s]   116 |     using [01;31m[K__enable_if_t[m[K = typename enable_if<_Cond, _Tp>::type;
[9.026s]       |           [01;31m[K^~~~~~~~~~~~~[m[K
[9.026s] [01m[K/usr/include/c++/13/bits/chrono.h:566:9:[m[K [01;36m[Knote: [m[Kcandidate: ‘[01m[Kconstexpr std::chrono::duration<_Rep, _Period>::[01;32m[Kduration[m[K(const std::chrono::duration<_Rep, _Period>&) [35m[K[with _Rep = long int; _Period = std::ratio<1, 1000>][m[K[m[K’
[9.026s]   566 |         [01;36m[Kduration[m[K(const duration&) = default;
[9.026s]       |         [01;36m[K^~~~~~~~[m[K
[9.026s] [01m[K/usr/include/c++/13/bits/chrono.h:566:18:[m[K [01;36m[Knote: [m[K  no known conversion for argument 1 from ‘[01m[Kdouble[m[K’ to ‘[01m[Kconst std::chrono::duration<long int, std::ratio<1, 1000> >&[m[K’
[9.026s]   566 |         duration([01;36m[Kconst duration&[m[K) = default;
[9.026s]       |                  [01;36m[K^~~~~~~~~~~~~~~[m[K
[9.026s] [01m[K/usr/include/c++/13/bits/chrono.h:564:19:[m[K [01;36m[Knote: [m[Kcandidate: ‘[01m[Kstd::chrono::duration<_Rep, _Period>::[01;32m[Kduration[m[K() [35m[K[with _Rep = long int; _Period = std::ratio<1, 1000>][m[K[m[K’
[9.026s]   564 |         constexpr [01;36m[Kduration[m[K() = default;
[9.026s]       |                   [01;36m[K^~~~~~~~[m[K
[9.026s] [01m[K/usr/include/c++/13/bits/chrono.h:564:19:[m[K [01;36m[Knote: [m[K  candidate expects 0 arguments, 1 provided
[12.302s] gmake[2]: *** [CMakeFiles/controller.dir/build.make:76: CMakeFiles/controller.dir/src/controller.cpp.o] Error 1
[12.303s] gmake[1]: *** [CMakeFiles/Makefile2:137: CMakeFiles/controller.dir/all] Error 2
[12.303s] gmake: *** [Makefile:146: all] Error 2
[12.305s] Invoked command in '/home/swo/turtlebot-mpc/build/mpc-tracker' returned '2': CMAKE_PREFIX_PATH=${CMAKE_PREFIX_PATH}:/opt/ros/jazzy /usr/bin/cmake --build /home/swo/turtlebot-mpc/build/mpc-tracker -- -j16 -l16
