[0.274s] DEBUG:colcon:Command line arguments: ['/usr/bin/colcon', 'build', '--packages-select', 'mpc-tracker']
[0.274s] DEBUG:colcon:Parsed command line arguments: Namespace(log_base=None, log_level=None, verb_name='build', build_base='build', install_base='install', merge_install=False, symlink_install=False, test_result_base=None, continue_on_error=False, executor='parallel', parallel_workers=16, event_handlers=None, ignore_user_meta=False, metas=['./colcon.meta'], base_paths=['.'], packages_ignore=None, packages_ignore_regex=None, paths=None, packages_up_to=None, packages_up_to_regex=None, packages_above=None, packages_above_and_dependencies=None, packages_above_depth=None, packages_select_by_dep=None, packages_skip_by_dep=None, packages_skip_up_to=None, packages_select_build_failed=False, packages_skip_build_finished=False, packages_select_test_failures=False, packages_skip_test_passed=False, packages_select=['mpc-tracker'], packages_skip=None, packages_select_regex=None, packages_skip_regex=None, packages_start=None, packages_end=None, allow_overriding=[], cmake_args=None, cmake_target=None, cmake_target_skip_unavailable=False, cmake_clean_cache=False, cmake_clean_first=False, cmake_force_configure=False, ament_cmake_args=None, catkin_cmake_args=None, catkin_skip_building_tests=False, mixin_files=None, mixin=None, verb_parser=<colcon_mixin.mixin.mixin_argument.MixinArgumentDecorator object at 0x7b845e945880>, verb_extension=<colcon_core.verb.build.BuildVerb object at 0x7b845e945520>, main=<bound method BuildVerb.main of <colcon_core.verb.build.BuildVerb object at 0x7b845e945520>>, mixin_verb=('build',))
[0.319s] Level 1:colcon.colcon_core.package_discovery:discover_packages(colcon_meta) check parameters
[0.319s] Level 1:colcon.colcon_core.package_discovery:discover_packages(recursive) check parameters
[0.319s] Level 1:colcon.colcon_core.package_discovery:discover_packages(ignore) check parameters
[0.319s] Level 1:colcon.colcon_core.package_discovery:discover_packages(path) check parameters
[0.319s] Level 1:colcon.colcon_core.package_discovery:discover_packages(colcon_meta) discover
[0.319s] Level 1:colcon.colcon_core.package_discovery:discover_packages(recursive) discover
[0.319s] INFO:colcon.colcon_core.package_discovery:Crawling recursively for packages in '/home/swo/turtlebot-mpc'
[0.319s] Level 1:colcon.colcon_core.package_identification:_identify(.) by extensions ['ignore', 'ignore_ament_install']
[0.319s] Level 1:colcon.colcon_core.package_identification:_identify(.) by extension 'ignore'
[0.319s] Level 1:colcon.colcon_core.package_identification:_identify(.) by extension 'ignore_ament_install'
[0.320s] Level 1:colcon.colcon_core.package_identification:_identify(.) by extensions ['colcon_pkg']
[0.320s] Level 1:colcon.colcon_core.package_identification:_identify(.) by extension 'colcon_pkg'
[0.320s] Level 1:colcon.colcon_core.package_identification:_identify(.) by extensions ['colcon_meta']
[0.320s] Level 1:colcon.colcon_core.package_identification:_identify(.) by extension 'colcon_meta'
[0.320s] Level 1:colcon.colcon_core.package_identification:_identify(.) by extensions ['ros']
[0.320s] Level 1:colcon.colcon_core.package_identification:_identify(.) by extension 'ros'
[0.345s] Level 1:colcon.colcon_core.package_identification:_identify(.) by extensions ['cmake', 'python']
[0.345s] Level 1:colcon.colcon_core.package_identification:_identify(.) by extension 'cmake'
[0.345s] Level 1:colcon.colcon_core.package_identification:_identify(.) by extension 'python'
[0.345s] Level 1:colcon.colcon_core.package_identification:_identify(.) by extensions ['python_setup_py']
[0.345s] Level 1:colcon.colcon_core.package_identification:_identify(.) by extension 'python_setup_py'
[0.345s] Level 1:colcon.colcon_core.package_identification:_identify(build) by extensions ['ignore', 'ignore_ament_install']
[0.345s] Level 1:colcon.colcon_core.package_identification:_identify(build) by extension 'ignore'
[0.345s] Level 1:colcon.colcon_core.package_identification:_identify(build) ignored
[0.345s] Level 1:colcon.colcon_core.package_identification:_identify(install) by extensions ['ignore', 'ignore_ament_install']
[0.346s] Level 1:colcon.colcon_core.package_identification:_identify(install) by extension 'ignore'
[0.346s] Level 1:colcon.colcon_core.package_identification:_identify(install) ignored
[0.346s] Level 1:colcon.colcon_core.package_identification:_identify(log) by extensions ['ignore', 'ignore_ament_install']
[0.346s] Level 1:colcon.colcon_core.package_identification:_identify(log) by extension 'ignore'
[0.346s] Level 1:colcon.colcon_core.package_identification:_identify(log) ignored
[0.346s] Level 1:colcon.colcon_core.package_identification:_identify(src) by extensions ['ignore', 'ignore_ament_install']
[0.346s] Level 1:colcon.colcon_core.package_identification:_identify(src) by extension 'ignore'
[0.346s] Level 1:colcon.colcon_core.package_identification:_identify(src) by extension 'ignore_ament_install'
[0.346s] Level 1:colcon.colcon_core.package_identification:_identify(src) by extensions ['colcon_pkg']
[0.346s] Level 1:colcon.colcon_core.package_identification:_identify(src) by extension 'colcon_pkg'
[0.346s] Level 1:colcon.colcon_core.package_identification:_identify(src) by extensions ['colcon_meta']
[0.346s] Level 1:colcon.colcon_core.package_identification:_identify(src) by extension 'colcon_meta'
[0.346s] Level 1:colcon.colcon_core.package_identification:_identify(src) by extensions ['ros']
[0.346s] Level 1:colcon.colcon_core.package_identification:_identify(src) by extension 'ros'
[0.347s] Level 1:colcon.colcon_core.package_identification:_identify(src) by extensions ['cmake', 'python']
[0.347s] Level 1:colcon.colcon_core.package_identification:_identify(src) by extension 'cmake'
[0.347s] Level 1:colcon.colcon_core.package_identification:_identify(src) by extension 'python'
[0.347s] Level 1:colcon.colcon_core.package_identification:_identify(src) by extensions ['python_setup_py']
[0.347s] Level 1:colcon.colcon_core.package_identification:_identify(src) by extension 'python_setup_py'
[0.347s] Level 1:colcon.colcon_core.package_identification:_identify(src/mpc-tracker) by extensions ['ignore', 'ignore_ament_install']
[0.347s] Level 1:colcon.colcon_core.package_identification:_identify(src/mpc-tracker) by extension 'ignore'
[0.347s] Level 1:colcon.colcon_core.package_identification:_identify(src/mpc-tracker) by extension 'ignore_ament_install'
[0.347s] Level 1:colcon.colcon_core.package_identification:_identify(src/mpc-tracker) by extensions ['colcon_pkg']
[0.347s] Level 1:colcon.colcon_core.package_identification:_identify(src/mpc-tracker) by extension 'colcon_pkg'
[0.347s] Level 1:colcon.colcon_core.package_identification:_identify(src/mpc-tracker) by extensions ['colcon_meta']
[0.347s] Level 1:colcon.colcon_core.package_identification:_identify(src/mpc-tracker) by extension 'colcon_meta'
[0.347s] Level 1:colcon.colcon_core.package_identification:_identify(src/mpc-tracker) by extensions ['ros']
[0.347s] Level 1:colcon.colcon_core.package_identification:_identify(src/mpc-tracker) by extension 'ros'
[0.350s] DEBUG:colcon.colcon_core.package_identification:Package 'src/mpc-tracker' with type 'ros.ament_cmake' and name 'mpc-tracker'
[0.350s] Level 1:colcon.colcon_core.package_discovery:discover_packages(recursive) using defaults
[0.350s] Level 1:colcon.colcon_core.package_discovery:discover_packages(ignore) discover
[0.350s] Level 1:colcon.colcon_core.package_discovery:discover_packages(ignore) using defaults
[0.350s] Level 1:colcon.colcon_core.package_discovery:discover_packages(path) discover
[0.350s] Level 1:colcon.colcon_core.package_discovery:discover_packages(path) using defaults
[0.367s] Level 1:colcon.colcon_core.package_discovery:discover_packages(prefix_path) check parameters
[0.367s] Level 1:colcon.colcon_core.package_discovery:discover_packages(prefix_path) discover
[0.368s] DEBUG:colcon.colcon_installed_package_information.package_discovery:Found 1 installed packages in /home/swo/turtlebot-mpc/install
[0.370s] DEBUG:colcon.colcon_installed_package_information.package_discovery:Found 286 installed packages in /opt/ros/jazzy
[0.370s] Level 1:colcon.colcon_core.package_discovery:discover_packages(prefix_path) using defaults
[0.412s] Level 5:colcon.colcon_core.verb:set package 'mpc-tracker' build argument 'cmake_args' from command line to 'None'
[0.412s] Level 5:colcon.colcon_core.verb:set package 'mpc-tracker' build argument 'cmake_target' from command line to 'None'
[0.412s] Level 5:colcon.colcon_core.verb:set package 'mpc-tracker' build argument 'cmake_target_skip_unavailable' from command line to 'False'
[0.413s] Level 5:colcon.colcon_core.verb:set package 'mpc-tracker' build argument 'cmake_clean_cache' from command line to 'False'
[0.413s] Level 5:colcon.colcon_core.verb:set package 'mpc-tracker' build argument 'cmake_clean_first' from command line to 'False'
[0.413s] Level 5:colcon.colcon_core.verb:set package 'mpc-tracker' build argument 'cmake_force_configure' from command line to 'False'
[0.413s] Level 5:colcon.colcon_core.verb:set package 'mpc-tracker' build argument 'ament_cmake_args' from command line to 'None'
[0.413s] Level 5:colcon.colcon_core.verb:set package 'mpc-tracker' build argument 'catkin_cmake_args' from command line to 'None'
[0.413s] Level 5:colcon.colcon_core.verb:set package 'mpc-tracker' build argument 'catkin_skip_building_tests' from command line to 'False'
[0.413s] DEBUG:colcon.colcon_core.verb:Building package 'mpc-tracker' with the following arguments: {'ament_cmake_args': None, 'build_base': '/home/swo/turtlebot-mpc/build/mpc-tracker', 'catkin_cmake_args': None, 'catkin_skip_building_tests': False, 'cmake_args': None, 'cmake_clean_cache': False, 'cmake_clean_first': False, 'cmake_force_configure': False, 'cmake_target': None, 'cmake_target_skip_unavailable': False, 'install_base': '/home/swo/turtlebot-mpc/install/mpc-tracker', 'merge_install': False, 'path': '/home/swo/turtlebot-mpc/src/mpc-tracker', 'symlink_install': False, 'test_result_base': None}
[0.413s] INFO:colcon.colcon_core.executor:Executing jobs using 'parallel' executor
[0.414s] DEBUG:colcon.colcon_parallel_executor.executor.parallel:run_until_complete
[0.414s] INFO:colcon.colcon_ros.task.ament_cmake.build:Building ROS package in '/home/swo/turtlebot-mpc/src/mpc-tracker' with build type 'ament_cmake'
[0.415s] INFO:colcon.colcon_cmake.task.cmake.build:Building CMake package in '/home/swo/turtlebot-mpc/src/mpc-tracker'
[0.417s] INFO:colcon.colcon_core.plugin_system:Skipping extension 'colcon_core.shell.bat': Not used on non-Windows systems
[0.417s] INFO:colcon.colcon_core.shell:Skip shell extension 'powershell' for command environment: Not usable outside of PowerShell
[0.417s] DEBUG:colcon.colcon_core.shell:Skip shell extension 'dsv' for command environment
[0.425s] DEBUG:colcon.colcon_core.event_handler.log_command:Invoking command in '/home/swo/turtlebot-mpc/build/mpc-tracker': CMAKE_PREFIX_PATH=${CMAKE_PREFIX_PATH}:/opt/ros/jazzy /usr/bin/cmake --build /home/swo/turtlebot-mpc/build/mpc-tracker -- -j16 -l16
[7.575s] Level 1:colcon.colcon_core.environment:create_environment_scripts_only(mpc-tracker)
[7.575s] DEBUG:colcon.colcon_core.event_handler.log_command:Invoked command in '/home/swo/turtlebot-mpc/build/mpc-tracker' returned '2': CMAKE_PREFIX_PATH=${CMAKE_PREFIX_PATH}:/opt/ros/jazzy /usr/bin/cmake --build /home/swo/turtlebot-mpc/build/mpc-tracker -- -j16 -l16
[7.578s] Level 1:colcon.colcon_core.environment:checking '/home/swo/turtlebot-mpc/install/mpc-tracker' for CMake module files
[7.578s] Level 1:colcon.colcon_core.environment:checking '/home/swo/turtlebot-mpc/install/mpc-tracker' for CMake config files
[7.579s] Level 1:colcon.colcon_core.shell:create_environment_hook('mpc-tracker', 'cmake_prefix_path')
[7.579s] INFO:colcon.colcon_core.shell:Creating environment hook '/home/swo/turtlebot-mpc/install/mpc-tracker/share/mpc-tracker/hook/cmake_prefix_path.ps1'
[7.579s] INFO:colcon.colcon_core.shell:Creating environment descriptor '/home/swo/turtlebot-mpc/install/mpc-tracker/share/mpc-tracker/hook/cmake_prefix_path.dsv'
[7.580s] INFO:colcon.colcon_core.shell:Creating environment hook '/home/swo/turtlebot-mpc/install/mpc-tracker/share/mpc-tracker/hook/cmake_prefix_path.sh'
[7.580s] Level 1:colcon.colcon_core.environment:checking '/home/swo/turtlebot-mpc/install/mpc-tracker/lib'
[7.581s] Level 1:colcon.colcon_core.environment:checking '/home/swo/turtlebot-mpc/install/mpc-tracker/bin'
[7.581s] Level 1:colcon.colcon_core.environment:checking '/home/swo/turtlebot-mpc/install/mpc-tracker/lib/pkgconfig/mpc-tracker.pc'
[7.581s] Level 1:colcon.colcon_core.environment:checking '/home/swo/turtlebot-mpc/install/mpc-tracker/lib/python3.12/site-packages'
[7.581s] Level 1:colcon.colcon_core.environment:checking '/home/swo/turtlebot-mpc/install/mpc-tracker/bin'
[7.582s] INFO:colcon.colcon_core.shell:Creating package script '/home/swo/turtlebot-mpc/install/mpc-tracker/share/mpc-tracker/package.ps1'
[7.582s] INFO:colcon.colcon_core.shell:Creating package descriptor '/home/swo/turtlebot-mpc/install/mpc-tracker/share/mpc-tracker/package.dsv'
[7.583s] INFO:colcon.colcon_core.shell:Creating package script '/home/swo/turtlebot-mpc/install/mpc-tracker/share/mpc-tracker/package.sh'
[7.583s] INFO:colcon.colcon_core.shell:Creating package script '/home/swo/turtlebot-mpc/install/mpc-tracker/share/mpc-tracker/package.bash'
[7.584s] INFO:colcon.colcon_core.shell:Creating package script '/home/swo/turtlebot-mpc/install/mpc-tracker/share/mpc-tracker/package.zsh'
[7.585s] Level 1:colcon.colcon_core.environment:create_file_with_runtime_dependencies(/home/swo/turtlebot-mpc/install/mpc-tracker/share/colcon-core/packages/mpc-tracker)
[7.595s] DEBUG:colcon.colcon_parallel_executor.executor.parallel:closing loop
[7.595s] DEBUG:colcon.colcon_parallel_executor.executor.parallel:loop closed
[7.596s] DEBUG:colcon.colcon_parallel_executor.executor.parallel:run_until_complete finished with '2'
[7.596s] DEBUG:colcon.colcon_core.event_reactor:joining thread
[7.685s] INFO:colcon.colcon_core.plugin_system:Skipping extension 'colcon_notification.desktop_notification.notify_send': Could not find 'notify-send'
[7.686s] INFO:colcon.colcon_core.plugin_system:Skipping extension 'colcon_notification.desktop_notification.terminal_notifier': Not used on non-Darwin systems
[7.686s] INFO:colcon.colcon_core.plugin_system:Skipping extension 'colcon_notification.desktop_notification.win32': Not used on non-Windows systems
[7.686s] INFO:colcon.colcon_notification.desktop_notification:Sending desktop notification using 'notify2'
[7.687s] DEBUG:colcon.colcon_notification.desktop_notification.notify2:Failed to initialize notify2: org.freedesktop.DBus.Error.ServiceUnknown: The name org.freedesktop.Notifications was not provided by any .service files
[7.687s] DEBUG:colcon.colcon_core.event_reactor:joined thread
[7.687s] INFO:colcon.colcon_core.shell:Creating prefix script '/home/swo/turtlebot-mpc/install/local_setup.ps1'
[7.688s] INFO:colcon.colcon_core.shell:Creating prefix util module '/home/swo/turtlebot-mpc/install/_local_setup_util_ps1.py'
[7.689s] INFO:colcon.colcon_core.shell:Creating prefix chain script '/home/swo/turtlebot-mpc/install/setup.ps1'
[7.690s] INFO:colcon.colcon_core.shell:Creating prefix script '/home/swo/turtlebot-mpc/install/local_setup.sh'
[7.690s] INFO:colcon.colcon_core.shell:Creating prefix util module '/home/swo/turtlebot-mpc/install/_local_setup_util_sh.py'
[7.691s] INFO:colcon.colcon_core.shell:Creating prefix chain script '/home/swo/turtlebot-mpc/install/setup.sh'
[7.692s] INFO:colcon.colcon_core.shell:Creating prefix script '/home/swo/turtlebot-mpc/install/local_setup.bash'
[7.692s] INFO:colcon.colcon_core.shell:Creating prefix chain script '/home/swo/turtlebot-mpc/install/setup.bash'
[7.693s] INFO:colcon.colcon_core.shell:Creating prefix script '/home/swo/turtlebot-mpc/install/local_setup.zsh'
[7.693s] INFO:colcon.colcon_core.shell:Creating prefix chain script '/home/swo/turtlebot-mpc/install/setup.zsh'
