[0.316s] DEBUG:colcon:Command line arguments: ['/usr/bin/colcon', 'build', '--packages-select', 'mpc-tracker']
[0.316s] DEBUG:colcon:Parsed command line arguments: Namespace(log_base=None, log_level=None, verb_name='build', build_base='build', install_base='install', merge_install=False, symlink_install=False, test_result_base=None, continue_on_error=False, executor='parallel', parallel_workers=16, event_handlers=None, ignore_user_meta=False, metas=['./colcon.meta'], base_paths=['.'], packages_ignore=None, packages_ignore_regex=None, paths=None, packages_up_to=None, packages_up_to_regex=None, packages_above=None, packages_above_and_dependencies=None, packages_above_depth=None, packages_select_by_dep=None, packages_skip_by_dep=None, packages_skip_up_to=None, packages_select_build_failed=False, packages_skip_build_finished=False, packages_select_test_failures=False, packages_skip_test_passed=False, packages_select=['mpc-tracker'], packages_skip=None, packages_select_regex=None, packages_skip_regex=None, packages_start=None, packages_end=None, allow_overriding=[], cmake_args=None, cmake_target=None, cmake_target_skip_unavailable=False, cmake_clean_cache=False, cmake_clean_first=False, cmake_force_configure=False, ament_cmake_args=None, catkin_cmake_args=None, catkin_skip_building_tests=False, mixin_files=None, mixin=None, verb_parser=<colcon_mixin.mixin.mixin_argument.MixinArgumentDecorator object at 0x71e58db89730>, verb_extension=<colcon_core.verb.build.BuildVerb object at 0x71e58db893d0>, main=<bound method BuildVerb.main of <colcon_core.verb.build.BuildVerb object at 0x71e58db893d0>>, mixin_verb=('build',))
[0.356s] Level 1:colcon.colcon_core.package_discovery:discover_packages(colcon_meta) check parameters
[0.357s] Level 1:colcon.colcon_core.package_discovery:discover_packages(recursive) check parameters
[0.357s] Level 1:colcon.colcon_core.package_discovery:discover_packages(ignore) check parameters
[0.357s] Level 1:colcon.colcon_core.package_discovery:discover_packages(path) check parameters
[0.357s] Level 1:colcon.colcon_core.package_discovery:discover_packages(colcon_meta) discover
[0.357s] Level 1:colcon.colcon_core.package_discovery:discover_packages(recursive) discover
[0.357s] INFO:colcon.colcon_core.package_discovery:Crawling recursively for packages in '/home/swo/turtlebot-mpc'
[0.357s] Level 1:colcon.colcon_core.package_identification:_identify(.) by extensions ['ignore', 'ignore_ament_install']
[0.357s] Level 1:colcon.colcon_core.package_identification:_identify(.) by extension 'ignore'
[0.357s] Level 1:colcon.colcon_core.package_identification:_identify(.) by extension 'ignore_ament_install'
[0.357s] Level 1:colcon.colcon_core.package_identification:_identify(.) by extensions ['colcon_pkg']
[0.357s] Level 1:colcon.colcon_core.package_identification:_identify(.) by extension 'colcon_pkg'
[0.357s] Level 1:colcon.colcon_core.package_identification:_identify(.) by extensions ['colcon_meta']
[0.357s] Level 1:colcon.colcon_core.package_identification:_identify(.) by extension 'colcon_meta'
[0.357s] Level 1:colcon.colcon_core.package_identification:_identify(.) by extensions ['ros']
[0.357s] Level 1:colcon.colcon_core.package_identification:_identify(.) by extension 'ros'
[0.382s] Level 1:colcon.colcon_core.package_identification:_identify(.) by extensions ['cmake', 'python']
[0.382s] Level 1:colcon.colcon_core.package_identification:_identify(.) by extension 'cmake'
[0.382s] Level 1:colcon.colcon_core.package_identification:_identify(.) by extension 'python'
[0.382s] Level 1:colcon.colcon_core.package_identification:_identify(.) by extensions ['python_setup_py']
[0.382s] Level 1:colcon.colcon_core.package_identification:_identify(.) by extension 'python_setup_py'
[0.382s] Level 1:colcon.colcon_core.package_identification:_identify(build) by extensions ['ignore', 'ignore_ament_install']
[0.383s] Level 1:colcon.colcon_core.package_identification:_identify(build) by extension 'ignore'
[0.383s] Level 1:colcon.colcon_core.package_identification:_identify(build) ignored
[0.383s] Level 1:colcon.colcon_core.package_identification:_identify(install) by extensions ['ignore', 'ignore_ament_install']
[0.383s] Level 1:colcon.colcon_core.package_identification:_identify(install) by extension 'ignore'
[0.383s] Level 1:colcon.colcon_core.package_identification:_identify(install) ignored
[0.383s] Level 1:colcon.colcon_core.package_identification:_identify(log) by extensions ['ignore', 'ignore_ament_install']
[0.383s] Level 1:colcon.colcon_core.package_identification:_identify(log) by extension 'ignore'
[0.383s] Level 1:colcon.colcon_core.package_identification:_identify(log) ignored
[0.383s] Level 1:colcon.colcon_core.package_identification:_identify(src) by extensions ['ignore', 'ignore_ament_install']
[0.383s] Level 1:colcon.colcon_core.package_identification:_identify(src) by extension 'ignore'
[0.383s] Level 1:colcon.colcon_core.package_identification:_identify(src) by extension 'ignore_ament_install'
[0.383s] Level 1:colcon.colcon_core.package_identification:_identify(src) by extensions ['colcon_pkg']
[0.384s] Level 1:colcon.colcon_core.package_identification:_identify(src) by extension 'colcon_pkg'
[0.384s] Level 1:colcon.colcon_core.package_identification:_identify(src) by extensions ['colcon_meta']
[0.384s] Level 1:colcon.colcon_core.package_identification:_identify(src) by extension 'colcon_meta'
[0.384s] Level 1:colcon.colcon_core.package_identification:_identify(src) by extensions ['ros']
[0.384s] Level 1:colcon.colcon_core.package_identification:_identify(src) by extension 'ros'
[0.384s] Level 1:colcon.colcon_core.package_identification:_identify(src) by extensions ['cmake', 'python']
[0.384s] Level 1:colcon.colcon_core.package_identification:_identify(src) by extension 'cmake'
[0.384s] Level 1:colcon.colcon_core.package_identification:_identify(src) by extension 'python'
[0.384s] Level 1:colcon.colcon_core.package_identification:_identify(src) by extensions ['python_setup_py']
[0.384s] Level 1:colcon.colcon_core.package_identification:_identify(src) by extension 'python_setup_py'
[0.384s] Level 1:colcon.colcon_core.package_identification:_identify(src/mpc-tracker) by extensions ['ignore', 'ignore_ament_install']
[0.384s] Level 1:colcon.colcon_core.package_identification:_identify(src/mpc-tracker) by extension 'ignore'
[0.384s] Level 1:colcon.colcon_core.package_identification:_identify(src/mpc-tracker) by extension 'ignore_ament_install'
[0.384s] Level 1:colcon.colcon_core.package_identification:_identify(src/mpc-tracker) by extensions ['colcon_pkg']
[0.384s] Level 1:colcon.colcon_core.package_identification:_identify(src/mpc-tracker) by extension 'colcon_pkg'
[0.384s] Level 1:colcon.colcon_core.package_identification:_identify(src/mpc-tracker) by extensions ['colcon_meta']
[0.384s] Level 1:colcon.colcon_core.package_identification:_identify(src/mpc-tracker) by extension 'colcon_meta'
[0.384s] Level 1:colcon.colcon_core.package_identification:_identify(src/mpc-tracker) by extensions ['ros']
[0.384s] Level 1:colcon.colcon_core.package_identification:_identify(src/mpc-tracker) by extension 'ros'
[0.387s] DEBUG:colcon.colcon_core.package_identification:Package 'src/mpc-tracker' with type 'ros.ament_cmake' and name 'mpc-tracker'
[0.387s] Level 1:colcon.colcon_core.package_discovery:discover_packages(recursive) using defaults
[0.387s] Level 1:colcon.colcon_core.package_discovery:discover_packages(ignore) discover
[0.387s] Level 1:colcon.colcon_core.package_discovery:discover_packages(ignore) using defaults
[0.387s] Level 1:colcon.colcon_core.package_discovery:discover_packages(path) discover
[0.387s] Level 1:colcon.colcon_core.package_discovery:discover_packages(path) using defaults
[0.403s] Level 1:colcon.colcon_core.package_discovery:discover_packages(prefix_path) check parameters
[0.403s] Level 1:colcon.colcon_core.package_discovery:discover_packages(prefix_path) discover
[0.405s] DEBUG:colcon.colcon_installed_package_information.package_discovery:Found 1 installed packages in /home/swo/turtlebot-mpc/install
[0.406s] DEBUG:colcon.colcon_installed_package_information.package_discovery:Found 286 installed packages in /opt/ros/jazzy
[0.406s] Level 1:colcon.colcon_core.package_discovery:discover_packages(prefix_path) using defaults
[0.448s] Level 5:colcon.colcon_core.verb:set package 'mpc-tracker' build argument 'cmake_args' from command line to 'None'
[0.448s] Level 5:colcon.colcon_core.verb:set package 'mpc-tracker' build argument 'cmake_target' from command line to 'None'
[0.448s] Level 5:colcon.colcon_core.verb:set package 'mpc-tracker' build argument 'cmake_target_skip_unavailable' from command line to 'False'
[0.448s] Level 5:colcon.colcon_core.verb:set package 'mpc-tracker' build argument 'cmake_clean_cache' from command line to 'False'
[0.448s] Level 5:colcon.colcon_core.verb:set package 'mpc-tracker' build argument 'cmake_clean_first' from command line to 'False'
[0.449s] Level 5:colcon.colcon_core.verb:set package 'mpc-tracker' build argument 'cmake_force_configure' from command line to 'False'
[0.449s] Level 5:colcon.colcon_core.verb:set package 'mpc-tracker' build argument 'ament_cmake_args' from command line to 'None'
[0.449s] Level 5:colcon.colcon_core.verb:set package 'mpc-tracker' build argument 'catkin_cmake_args' from command line to 'None'
[0.449s] Level 5:colcon.colcon_core.verb:set package 'mpc-tracker' build argument 'catkin_skip_building_tests' from command line to 'False'
[0.449s] DEBUG:colcon.colcon_core.verb:Building package 'mpc-tracker' with the following arguments: {'ament_cmake_args': None, 'build_base': '/home/swo/turtlebot-mpc/build/mpc-tracker', 'catkin_cmake_args': None, 'catkin_skip_building_tests': False, 'cmake_args': None, 'cmake_clean_cache': False, 'cmake_clean_first': False, 'cmake_force_configure': False, 'cmake_target': None, 'cmake_target_skip_unavailable': False, 'install_base': '/home/swo/turtlebot-mpc/install/mpc-tracker', 'merge_install': False, 'path': '/home/swo/turtlebot-mpc/src/mpc-tracker', 'symlink_install': False, 'test_result_base': None}
[0.449s] INFO:colcon.colcon_core.executor:Executing jobs using 'parallel' executor
[0.450s] DEBUG:colcon.colcon_parallel_executor.executor.parallel:run_until_complete
[0.450s] INFO:colcon.colcon_ros.task.ament_cmake.build:Building ROS package in '/home/swo/turtlebot-mpc/src/mpc-tracker' with build type 'ament_cmake'
[0.450s] INFO:colcon.colcon_cmake.task.cmake.build:Building CMake package in '/home/swo/turtlebot-mpc/src/mpc-tracker'
[0.452s] INFO:colcon.colcon_core.plugin_system:Skipping extension 'colcon_core.shell.bat': Not used on non-Windows systems
[0.453s] INFO:colcon.colcon_core.shell:Skip shell extension 'powershell' for command environment: Not usable outside of PowerShell
[0.453s] DEBUG:colcon.colcon_core.shell:Skip shell extension 'dsv' for command environment
[0.463s] DEBUG:colcon.colcon_core.event_handler.log_command:Invoking command in '/home/swo/turtlebot-mpc/build/mpc-tracker': CMAKE_PREFIX_PATH=${CMAKE_PREFIX_PATH}:/opt/ros/jazzy /usr/bin/cmake --build /home/swo/turtlebot-mpc/build/mpc-tracker -- -j16 -l16
[9.174s] DEBUG:colcon.colcon_core.event_handler.log_command:Invoked command in '/home/swo/turtlebot-mpc/build/mpc-tracker' returned '0': CMAKE_PREFIX_PATH=${CMAKE_PREFIX_PATH}:/opt/ros/jazzy /usr/bin/cmake --build /home/swo/turtlebot-mpc/build/mpc-tracker -- -j16 -l16
[9.186s] DEBUG:colcon.colcon_core.event_handler.log_command:Invoking command in '/home/swo/turtlebot-mpc/build/mpc-tracker': CMAKE_PREFIX_PATH=${CMAKE_PREFIX_PATH}:/opt/ros/jazzy /usr/bin/cmake --install /home/swo/turtlebot-mpc/build/mpc-tracker
[9.205s] Level 1:colcon.colcon_core.environment:create_environment_scripts_only(mpc-tracker)
[9.206s] DEBUG:colcon.colcon_core.event_handler.log_command:Invoked command in '/home/swo/turtlebot-mpc/build/mpc-tracker' returned '0': CMAKE_PREFIX_PATH=${CMAKE_PREFIX_PATH}:/opt/ros/jazzy /usr/bin/cmake --install /home/swo/turtlebot-mpc/build/mpc-tracker
[9.208s] Level 1:colcon.colcon_core.environment:checking '/home/swo/turtlebot-mpc/install/mpc-tracker' for CMake module files
[9.208s] Level 1:colcon.colcon_core.environment:checking '/home/swo/turtlebot-mpc/install/mpc-tracker' for CMake config files
[9.208s] Level 1:colcon.colcon_core.shell:create_environment_hook('mpc-tracker', 'cmake_prefix_path')
[9.209s] INFO:colcon.colcon_core.shell:Creating environment hook '/home/swo/turtlebot-mpc/install/mpc-tracker/share/mpc-tracker/hook/cmake_prefix_path.ps1'
[9.209s] INFO:colcon.colcon_core.shell:Creating environment descriptor '/home/swo/turtlebot-mpc/install/mpc-tracker/share/mpc-tracker/hook/cmake_prefix_path.dsv'
[9.210s] INFO:colcon.colcon_core.shell:Creating environment hook '/home/swo/turtlebot-mpc/install/mpc-tracker/share/mpc-tracker/hook/cmake_prefix_path.sh'
[9.210s] Level 1:colcon.colcon_core.environment:checking '/home/swo/turtlebot-mpc/install/mpc-tracker/lib'
[9.210s] Level 1:colcon.colcon_core.environment:checking '/home/swo/turtlebot-mpc/install/mpc-tracker/bin'
[9.210s] Level 1:colcon.colcon_core.environment:checking '/home/swo/turtlebot-mpc/install/mpc-tracker/lib/pkgconfig/mpc-tracker.pc'
[9.211s] Level 1:colcon.colcon_core.environment:checking '/home/swo/turtlebot-mpc/install/mpc-tracker/lib/python3.12/site-packages'
[9.211s] Level 1:colcon.colcon_core.environment:checking '/home/swo/turtlebot-mpc/install/mpc-tracker/bin'
[9.211s] INFO:colcon.colcon_core.shell:Creating package script '/home/swo/turtlebot-mpc/install/mpc-tracker/share/mpc-tracker/package.ps1'
[9.212s] INFO:colcon.colcon_core.shell:Creating package descriptor '/home/swo/turtlebot-mpc/install/mpc-tracker/share/mpc-tracker/package.dsv'
[9.212s] INFO:colcon.colcon_core.shell:Creating package script '/home/swo/turtlebot-mpc/install/mpc-tracker/share/mpc-tracker/package.sh'
[9.213s] INFO:colcon.colcon_core.shell:Creating package script '/home/swo/turtlebot-mpc/install/mpc-tracker/share/mpc-tracker/package.bash'
[9.213s] INFO:colcon.colcon_core.shell:Creating package script '/home/swo/turtlebot-mpc/install/mpc-tracker/share/mpc-tracker/package.zsh'
[9.214s] Level 1:colcon.colcon_core.environment:create_file_with_runtime_dependencies(/home/swo/turtlebot-mpc/install/mpc-tracker/share/colcon-core/packages/mpc-tracker)
[9.214s] Level 1:colcon.colcon_core.environment:create_environment_scripts_only(mpc-tracker)
[9.215s] Level 1:colcon.colcon_core.environment:checking '/home/swo/turtlebot-mpc/install/mpc-tracker' for CMake module files
[9.215s] Level 1:colcon.colcon_core.environment:checking '/home/swo/turtlebot-mpc/install/mpc-tracker' for CMake config files
[9.215s] Level 1:colcon.colcon_core.shell:create_environment_hook('mpc-tracker', 'cmake_prefix_path')
[9.216s] INFO:colcon.colcon_core.shell:Creating environment hook '/home/swo/turtlebot-mpc/install/mpc-tracker/share/mpc-tracker/hook/cmake_prefix_path.ps1'
[9.216s] INFO:colcon.colcon_core.shell:Creating environment descriptor '/home/swo/turtlebot-mpc/install/mpc-tracker/share/mpc-tracker/hook/cmake_prefix_path.dsv'
[9.216s] INFO:colcon.colcon_core.shell:Creating environment hook '/home/swo/turtlebot-mpc/install/mpc-tracker/share/mpc-tracker/hook/cmake_prefix_path.sh'
[9.217s] Level 1:colcon.colcon_core.environment:checking '/home/swo/turtlebot-mpc/install/mpc-tracker/lib'
[9.217s] Level 1:colcon.colcon_core.environment:checking '/home/swo/turtlebot-mpc/install/mpc-tracker/bin'
[9.218s] Level 1:colcon.colcon_core.environment:checking '/home/swo/turtlebot-mpc/install/mpc-tracker/lib/pkgconfig/mpc-tracker.pc'
[9.218s] Level 1:colcon.colcon_core.environment:checking '/home/swo/turtlebot-mpc/install/mpc-tracker/lib/python3.12/site-packages'
[9.218s] Level 1:colcon.colcon_core.environment:checking '/home/swo/turtlebot-mpc/install/mpc-tracker/bin'
[9.219s] INFO:colcon.colcon_core.shell:Creating package script '/home/swo/turtlebot-mpc/install/mpc-tracker/share/mpc-tracker/package.ps1'
[9.219s] INFO:colcon.colcon_core.shell:Creating package descriptor '/home/swo/turtlebot-mpc/install/mpc-tracker/share/mpc-tracker/package.dsv'
[9.220s] INFO:colcon.colcon_core.shell:Creating package script '/home/swo/turtlebot-mpc/install/mpc-tracker/share/mpc-tracker/package.sh'
[9.220s] INFO:colcon.colcon_core.shell:Creating package script '/home/swo/turtlebot-mpc/install/mpc-tracker/share/mpc-tracker/package.bash'
[9.221s] INFO:colcon.colcon_core.shell:Creating package script '/home/swo/turtlebot-mpc/install/mpc-tracker/share/mpc-tracker/package.zsh'
[9.221s] Level 1:colcon.colcon_core.environment:create_file_with_runtime_dependencies(/home/swo/turtlebot-mpc/install/mpc-tracker/share/colcon-core/packages/mpc-tracker)
[9.222s] DEBUG:colcon.colcon_parallel_executor.executor.parallel:closing loop
[9.223s] DEBUG:colcon.colcon_parallel_executor.executor.parallel:loop closed
[9.223s] DEBUG:colcon.colcon_parallel_executor.executor.parallel:run_until_complete finished with '0'
[9.223s] DEBUG:colcon.colcon_core.event_reactor:joining thread
[9.310s] INFO:colcon.colcon_core.plugin_system:Skipping extension 'colcon_notification.desktop_notification.notify_send': Could not find 'notify-send'
[9.310s] INFO:colcon.colcon_core.plugin_system:Skipping extension 'colcon_notification.desktop_notification.terminal_notifier': Not used on non-Darwin systems
[9.310s] INFO:colcon.colcon_core.plugin_system:Skipping extension 'colcon_notification.desktop_notification.win32': Not used on non-Windows systems
[9.310s] INFO:colcon.colcon_notification.desktop_notification:Sending desktop notification using 'notify2'
[9.311s] DEBUG:colcon.colcon_notification.desktop_notification.notify2:Failed to initialize notify2: org.freedesktop.DBus.Error.ServiceUnknown: The name org.freedesktop.Notifications was not provided by any .service files
[9.311s] DEBUG:colcon.colcon_core.event_reactor:joined thread
[9.311s] INFO:colcon.colcon_core.shell:Creating prefix script '/home/swo/turtlebot-mpc/install/local_setup.ps1'
[9.312s] INFO:colcon.colcon_core.shell:Creating prefix util module '/home/swo/turtlebot-mpc/install/_local_setup_util_ps1.py'
[9.313s] INFO:colcon.colcon_core.shell:Creating prefix chain script '/home/swo/turtlebot-mpc/install/setup.ps1'
[9.314s] INFO:colcon.colcon_core.shell:Creating prefix script '/home/swo/turtlebot-mpc/install/local_setup.sh'
[9.314s] INFO:colcon.colcon_core.shell:Creating prefix util module '/home/swo/turtlebot-mpc/install/_local_setup_util_sh.py'
[9.315s] INFO:colcon.colcon_core.shell:Creating prefix chain script '/home/swo/turtlebot-mpc/install/setup.sh'
[9.315s] INFO:colcon.colcon_core.shell:Creating prefix script '/home/swo/turtlebot-mpc/install/local_setup.bash'
[9.316s] INFO:colcon.colcon_core.shell:Creating prefix chain script '/home/swo/turtlebot-mpc/install/setup.bash'
[9.316s] INFO:colcon.colcon_core.shell:Creating prefix script '/home/swo/turtlebot-mpc/install/local_setup.zsh'
[9.317s] INFO:colcon.colcon_core.shell:Creating prefix chain script '/home/swo/turtlebot-mpc/install/setup.zsh'
