-- Found ament_cmake: 2.5.4 (/opt/ros/jazzy/share/ament_cmake/cmake)
-- Found rclcpp: 28.1.13 (/opt/ros/jazzy/share/rclcpp/cmake)
-- Found rosidl_generator_c: 4.6.6 (/opt/ros/jazzy/share/rosidl_generator_c/cmake)
-- Found rosidl_generator_cpp: 4.6.6 (/opt/ros/jazzy/share/rosidl_generator_cpp/cmake)
-- Using all available rosidl_typesupport_c: rosidl_typesupport_fastrtps_c;rosidl_typesupport_introspection_c
-- Using all available rosidl_typesupport_cpp: rosidl_typesupport_fastrtps_cpp;rosidl_typesupport_introspection_cpp
-- Found rmw_implementation_cmake: 7.3.2 (/opt/ros/jazzy/share/rmw_implementation_cmake/cmake)
-- Found rmw_fastrtps_cpp: 8.4.3 (/opt/ros/jazzy/share/rmw_fastrtps_cpp/cmake)
-- Using RMW implementation 'rmw_fastrtps_cpp' as default
-- Found nav_msgs: 5.3.6 (/opt/ros/jazzy/share/nav_msgs/cmake)
-- Found ament_lint_auto: 0.17.3 (/opt/ros/jazzy/share/ament_lint_auto/cmake)
-- Added test 'cppcheck' to perform static code analysis on C / C++ code
-- Configured cppcheck include dirs: 
-- Configured cppcheck exclude dirs and/or files: 
-- Added test 'lint_cmake' to check CMake code style
-- Added test 'uncrustify' to check C / C++ code style
-- Configured uncrustify additional arguments: 
-- Added test 'xmllint' to check XML markup files
-- Configuring done (1.4s)
-- Generating done (0.0s)
-- Build files have been written to: /home/swo/turtlebot-mpc/build/mpc-tracker
[ 50%] [32mBuilding CXX object CMakeFiles/controller.dir/src/controller.cpp.o[0m
[100%] [32m[1mLinking CXX executable controller[0m
[100%] Built target controller
-- Install configuration: ""
-- Installing: /home/swo/turtlebot-mpc/install/mpc-tracker/lib/mpc-tracker/controller
-- Set non-toolchain portion of runtime path of "/home/swo/turtlebot-mpc/install/mpc-tracker/lib/mpc-tracker/controller" to ""
-- Installing: /home/swo/turtlebot-mpc/install/mpc-tracker/share/ament_index/resource_index/package_run_dependencies/mpc-tracker
-- Installing: /home/swo/turtlebot-mpc/install/mpc-tracker/share/ament_index/resource_index/parent_prefix_path/mpc-tracker
-- Up-to-date: /home/swo/turtlebot-mpc/install/mpc-tracker/share/mpc-tracker/environment/ament_prefix_path.sh
-- Up-to-date: /home/swo/turtlebot-mpc/install/mpc-tracker/share/mpc-tracker/environment/ament_prefix_path.dsv
-- Up-to-date: /home/swo/turtlebot-mpc/install/mpc-tracker/share/mpc-tracker/environment/path.sh
-- Up-to-date: /home/swo/turtlebot-mpc/install/mpc-tracker/share/mpc-tracker/environment/path.dsv
-- Up-to-date: /home/swo/turtlebot-mpc/install/mpc-tracker/share/mpc-tracker/local_setup.bash
-- Up-to-date: /home/swo/turtlebot-mpc/install/mpc-tracker/share/mpc-tracker/local_setup.sh
-- Up-to-date: /home/swo/turtlebot-mpc/install/mpc-tracker/share/mpc-tracker/local_setup.zsh
-- Up-to-date: /home/swo/turtlebot-mpc/install/mpc-tracker/share/mpc-tracker/local_setup.dsv
-- Installing: /home/swo/turtlebot-mpc/install/mpc-tracker/share/mpc-tracker/package.dsv
-- Up-to-date: /home/swo/turtlebot-mpc/install/mpc-tracker/share/ament_index/resource_index/packages/mpc-tracker
-- Up-to-date: /home/swo/turtlebot-mpc/install/mpc-tracker/share/mpc-tracker/cmake/mpc-trackerConfig.cmake
-- Up-to-date: /home/swo/turtlebot-mpc/install/mpc-tracker/share/mpc-tracker/cmake/mpc-trackerConfig-version.cmake
-- Installing: /home/swo/turtlebot-mpc/install/mpc-tracker/share/mpc-tracker/package.xml
