[0.012s] Invoking command in '/home/swo/turtlebot-mpc/build/mpc-tracker': CMAKE_PREFIX_PATH=${CMAKE_PREFIX_PATH}:/opt/ros/jazzy /usr/bin/cmake --build /home/swo/turtlebot-mpc/build/mpc-tracker -- -j16 -l16
[0.071s] [ 50%] [32mBuilding CXX object CMakeFiles/controller.dir/src/controller.cpp.o[0m
[8.274s] [100%] [32m[1mLinking CXX executable controller[0m
[8.723s] [100%] Built target controller
[8.734s] Invoked command in '/home/swo/turtlebot-mpc/build/mpc-tracker' returned '0': CMAKE_PREFIX_PATH=${CMAKE_PREFIX_PATH}:/opt/ros/jazzy /usr/bin/cmake --build /home/swo/turtlebot-mpc/build/mpc-tracker -- -j16 -l16
[8.744s] Invoking command in '/home/swo/turtlebot-mpc/build/mpc-tracker': CMAKE_PREFIX_PATH=${CMAKE_PREFIX_PATH}:/opt/ros/jazzy /usr/bin/cmake --install /home/swo/turtlebot-mpc/build/mpc-tracker
[8.752s] -- Install configuration: ""
[8.752s] -- Installing: /home/swo/turtlebot-mpc/install/mpc-tracker/lib/mpc-tracker/controller
[8.758s] -- Set non-toolchain portion of runtime path of "/home/swo/turtlebot-mpc/install/mpc-tracker/lib/mpc-tracker/controller" to ""
[8.758s] -- Up-to-date: /home/swo/turtlebot-mpc/install/mpc-tracker/share/ament_index/resource_index/package_run_dependencies/mpc-tracker
[8.758s] -- Up-to-date: /home/swo/turtlebot-mpc/install/mpc-tracker/share/ament_index/resource_index/parent_prefix_path/mpc-tracker
[8.758s] -- Up-to-date: /home/swo/turtlebot-mpc/install/mpc-tracker/share/mpc-tracker/environment/ament_prefix_path.sh
[8.758s] -- Up-to-date: /home/swo/turtlebot-mpc/install/mpc-tracker/share/mpc-tracker/environment/ament_prefix_path.dsv
[8.759s] -- Up-to-date: /home/swo/turtlebot-mpc/install/mpc-tracker/share/mpc-tracker/environment/path.sh
[8.759s] -- Up-to-date: /home/swo/turtlebot-mpc/install/mpc-tracker/share/mpc-tracker/environment/path.dsv
[8.759s] -- Up-to-date: /home/swo/turtlebot-mpc/install/mpc-tracker/share/mpc-tracker/local_setup.bash
[8.759s] -- Up-to-date: /home/swo/turtlebot-mpc/install/mpc-tracker/share/mpc-tracker/local_setup.sh
[8.759s] -- Up-to-date: /home/swo/turtlebot-mpc/install/mpc-tracker/share/mpc-tracker/local_setup.zsh
[8.759s] -- Up-to-date: /home/swo/turtlebot-mpc/install/mpc-tracker/share/mpc-tracker/local_setup.dsv
[8.759s] -- Installing: /home/swo/turtlebot-mpc/install/mpc-tracker/share/mpc-tracker/package.dsv
[8.760s] -- Up-to-date: /home/swo/turtlebot-mpc/install/mpc-tracker/share/ament_index/resource_index/packages/mpc-tracker
[8.760s] -- Up-to-date: /home/swo/turtlebot-mpc/install/mpc-tracker/share/mpc-tracker/cmake/mpc-trackerConfig.cmake
[8.760s] -- Up-to-date: /home/swo/turtlebot-mpc/install/mpc-tracker/share/mpc-tracker/cmake/mpc-trackerConfig-version.cmake
[8.760s] -- Up-to-date: /home/swo/turtlebot-mpc/install/mpc-tracker/share/mpc-tracker/package.xml
[8.761s] Invoked command in '/home/swo/turtlebot-mpc/build/mpc-tracker' returned '0': CMAKE_PREFIX_PATH=${CMAKE_PREFIX_PATH}:/opt/ros/jazzy /usr/bin/cmake --install /home/swo/turtlebot-mpc/build/mpc-tracker
