[0.011s] Invoking command in '/home/swo/turtlebot-mpc/build/mpc-tracker': CMAKE_PREFIX_PATH=${CMAKE_PREFIX_PATH}:/opt/ros/jazzy /usr/bin/cmake --build /home/swo/turtlebot-mpc/build/mpc-tracker -- -j16 -l16
[0.072s] [ 50%] [32mBuilding CXX object CMakeFiles/controller.dir/src/controller.cpp.o[0m
[2.979s] [01m[K/home/swo/turtlebot-mpc/src/mpc-tracker/src/controller.cpp:[m[K In constructor ‘[01m[KMPCNode::[01;32m[KMPCNode[m[K()[m[K’:
[2.979s] [01m[K/home/swo/turtlebot-mpc/src/mpc-tracker/src/controller.cpp:183:78:[m[K [01;31m[Kerror: [m[Kno matching function for call to ‘[01m[Kstd::chrono::duration<long int, std::ratio<1, 1000> >::duration(double)[m[K’
[2.979s]   183 |     timer_ = this->create_wall_timer(std::chrono::milliseconds(delta_t * 1000[01;31m[K)[m[K, [this]() {
[2.979s]       |                                                                              [01;31m[K^[m[K
[2.979s] In file included from [01m[K/usr/include/c++/13/chrono:41[m[K,
[2.979s]                  from [01m[K/home/swo/turtlebot-mpc/src/mpc-tracker/src/controller.cpp:1[m[K:
[2.979s] [01m[K/usr/include/c++/13/bits/chrono.h:581:21:[m[K [01;36m[Knote: [m[Kcandidate: ‘[01m[Ktemplate<class _Rep2, class _Period2, class> constexpr std::chrono::duration<_Rep, _Period>::[01;32m[Kduration[m[K(const std::chrono::duration<_Rep, _Period>&) [35m[K[with _Period2 = _Rep2; <template-parameter-2-3> = _Period2; _Rep = long int; _Period = std::ratio<1, 1000>][m[K[m[K’
[2.979s]   581 |           constexpr [01;36m[Kduration[m[K(const duration<_Rep2, _Period2>& __d)
[2.979s]       |                     [01;36m[K^~~~~~~~[m[K
[2.979s] [01m[K/usr/include/c++/13/bits/chrono.h:581:21:[m[K [01;36m[Knote: [m[K  template argument deduction/substitution failed:
[2.979s] [01m[K/home/swo/turtlebot-mpc/src/mpc-tracker/src/controller.cpp:183:78:[m[K [01;36m[Knote: [m[K  mismatched types ‘[01m[Kconst std::chrono::duration<_Rep1, _Period1>[m[K’ and ‘[01m[Kdouble[m[K’
[2.979s]   183 |     timer_ = this->create_wall_timer(std::chrono::milliseconds(delta_t * 1000[01;36m[K)[m[K, [this]() {
[2.980s]       |                                                                              [01;36m[K^[m[K
[2.980s] [01m[K/usr/include/c++/13/bits/chrono.h:573:30:[m[K [01;36m[Knote: [m[Kcandidate: ‘[01m[Ktemplate<class _Rep2, class> constexpr std::chrono::duration<_Rep, _Period>::[01;32m[Kduration[m[K(const _Rep2&) [35m[K[with <template-parameter-2-2> = _Rep2; _Rep = long int; _Period = std::ratio<1, 1000>][m[K[m[K’
[2.980s]   573 |           constexpr explicit [01;36m[Kduration[m[K(const _Rep2& __rep)
[2.980s]       |                              [01;36m[K^~~~~~~~[m[K
[2.980s] [01m[K/usr/include/c++/13/bits/chrono.h:573:30:[m[K [01;36m[Knote: [m[K  template argument deduction/substitution failed:
[2.980s] In file included from [01m[K/usr/include/c++/13/ratio:39[m[K,
[2.980s]                  from [01m[K/usr/include/c++/13/bits/chrono.h:37[m[K:
[2.980s] /usr/include/c++/13/type_traits: In substitution of ‘[01m[Ktemplate<bool _Cond, class _Tp> using std::__enable_if_t = typename std::enable_if::type [35m[K[with bool _Cond = false; _Tp = void][m[K[m[K’:
[2.980s] [01m[K/usr/include/c++/13/type_traits:2224:11:[m[K   required by substitution of ‘[01m[Ktemplate<class ... _Cond> using std::_Require = std::__enable_if_t<std::__and_<_Bn>::value> [35m[K[with _Cond = {std::is_convertible<const double&, long int>, std::__or_<std::chrono::treat_as_floating_point<long int>, std::__not_<std::chrono::treat_as_floating_point<double> > >}][m[K[m[K’
[2.980s] [01m[K/usr/include/c++/13/bits/chrono.h:570:27:[m[K   required from here
[2.980s] [01m[K/usr/include/c++/13/type_traits:116:11:[m[K [01;31m[Kerror: [m[Kno type named ‘[01m[Ktype[m[K’ in ‘[01m[Kstruct std::enable_if<false, void>[m[K’
[2.980s]   116 |     using [01;31m[K__enable_if_t[m[K = typename enable_if<_Cond, _Tp>::type;
[2.980s]       |           [01;31m[K^~~~~~~~~~~~~[m[K
[2.980s] [01m[K/usr/include/c++/13/bits/chrono.h:566:9:[m[K [01;36m[Knote: [m[Kcandidate: ‘[01m[Kconstexpr std::chrono::duration<_Rep, _Period>::[01;32m[Kduration[m[K(const std::chrono::duration<_Rep, _Period>&) [35m[K[with _Rep = long int; _Period = std::ratio<1, 1000>][m[K[m[K’
[2.980s]   566 |         [01;36m[Kduration[m[K(const duration&) = default;
[2.981s]       |         [01;36m[K^~~~~~~~[m[K
[2.981s] [01m[K/usr/include/c++/13/bits/chrono.h:566:18:[m[K [01;36m[Knote: [m[K  no known conversion for argument 1 from ‘[01m[Kdouble[m[K’ to ‘[01m[Kconst std::chrono::duration<long int, std::ratio<1, 1000> >&[m[K’
[2.981s]   566 |         duration([01;36m[Kconst duration&[m[K) = default;
[2.981s]       |                  [01;36m[K^~~~~~~~~~~~~~~[m[K
[2.981s] [01m[K/usr/include/c++/13/bits/chrono.h:564:19:[m[K [01;36m[Knote: [m[Kcandidate: ‘[01m[Kstd::chrono::duration<_Rep, _Period>::[01;32m[Kduration[m[K() [35m[K[with _Rep = long int; _Period = std::ratio<1, 1000>][m[K[m[K’
[2.981s]   564 |         constexpr [01;36m[Kduration[m[K() = default;
[2.981s]       |                   [01;36m[K^~~~~~~~[m[K
[2.981s] [01m[K/usr/include/c++/13/bits/chrono.h:564:19:[m[K [01;36m[Knote: [m[K  candidate expects 0 arguments, 1 provided
[6.601s] gmake[2]: *** [CMakeFiles/controller.dir/build.make:76: CMakeFiles/controller.dir/src/controller.cpp.o] Error 1
[6.601s] gmake[1]: *** [CMakeFiles/Makefile2:137: CMakeFiles/controller.dir/all] Error 2
[6.601s] gmake: *** [Makefile:146: all] Error 2
[6.604s] Invoked command in '/home/swo/turtlebot-mpc/build/mpc-tracker' returned '2': CMAKE_PREFIX_PATH=${CMAKE_PREFIX_PATH}:/opt/ros/jazzy /usr/bin/cmake --build /home/swo/turtlebot-mpc/build/mpc-tracker -- -j16 -l16
